<?xml version="1.0" encoding="UTF-8"?>
<testng-results skipped="0" failed="0" ignored="0" total="1" passed="1">
  <reporter-output>
  </reporter-output>
  <suite name="Default suite" duration-ms="33993" started-at="2019-06-12T14:04:12Z" finished-at="2019-06-12T14:04:45Z">
    <groups>
    </groups>
    <test name="Default test" duration-ms="33993" started-at="2019-06-12T14:04:12Z" finished-at="2019-06-12T14:04:45Z">
      <class name="com.training.sanity.tests.RTTC_004">
        <test-method status="PASS" signature="setUpBeforeClass()[pri:0, instance:com.training.sanity.tests.RTTC_004@6767c1fc]" name="setUpBeforeClass" is-config="true" duration-ms="13" started-at="2019-06-12T19:34:12Z" finished-at="2019-06-12T19:34:12Z">
          <reporter-output>
          </reporter-output>
        </test-method> <!-- setUpBeforeClass -->
        <test-method status="PASS" signature="setUp()[pri:0, instance:com.training.sanity.tests.RTTC_004@6767c1fc]" name="setUp" is-config="true" duration-ms="12502" started-at="2019-06-12T19:34:12Z" finished-at="2019-06-12T19:34:24Z">
          <reporter-output>
          </reporter-output>
        </test-method> <!-- setUp -->
        <test-method status="PASS" signature="viewOrderDetails()[pri:0, instance:com.training.sanity.tests.RTTC_004@6767c1fc]" name="viewOrderDetails" duration-ms="15478" started-at="2019-06-12T19:34:24Z" finished-at="2019-06-12T19:34:40Z">
          <reporter-output>
          </reporter-output>
        </test-method> <!-- viewOrderDetails -->
        <test-method status="PASS" signature="tearDown()[pri:0, instance:com.training.sanity.tests.RTTC_004@6767c1fc]" name="tearDown" is-config="true" duration-ms="5966" started-at="2019-06-12T19:34:40Z" finished-at="2019-06-12T19:34:45Z">
          <reporter-output>
          </reporter-output>
        </test-method> <!-- tearDown -->
      </class> <!-- com.training.sanity.tests.RTTC_004 -->
    </test> <!-- Default test -->
  </suite> <!-- Default suite -->
</testng-results>
